{"level":"info","message":"Server gestartet auf Port 8080"}
{"level":"info","message":"Server gestartet auf Port 8080"}
{"level":"info","message":"Server gestartet auf Port 8080"}
{"level":"info","message":"Server gestartet auf Port 8080"}
{"level":"info","message":"Server gestartet auf Port 8080"}
{"level":"info","message":"Routes wurden geladen"}
{"level":"info","message":"Server gestartet auf Port 8080"}
{"level":"info","message":"Routes wurden geladen"}
{"level":"info","message":"Server gestartet auf Port 8080"}
{"level":"info","message":"Routes wurden geladen"}
{"level":"info","message":"Server gestartet auf Port 8080"}
{"level":"info","message":"Routes wurden geladen"}
{"level":"info","message":"Server gestartet auf Port 8080"}
{"level":"info"}
{"level":"info","message":"Server gestartet auf Port 8080"}
{"level":"info"}
{"level":"info","message":"Server gestartet auf Port 8080"}
{"level":"info"}
{"level":"info","message":"Server gestartet auf Port 8080"}
{"level":"info"}
{"level":"info","message":"Server gestartet auf Port 8080"}
{"level":"info"}
{"level":"info","message":"Server gestartet auf Port 8080"}
{"level":"info"}
{"level":"info","message":"Server gestartet auf Port 8080"}
{"level":"info"}
{"level":"info","message":"Server gestartet auf Port 8080"}
{"level":"info"}
{"level":"info","message":"Server gestartet auf Port 8080"}
{"level":"info"}
{"level":"info","message":"Server gestartet auf Port 8080"}
{"level":"info"}
{"level":"info","message":"Server gestartet auf Port 8080"}
{"level":"info"}
{"level":"info","message":"Server gestartet auf Port 8080"}
{"level":"info"}
{"level":"info","message":"Server gestartet auf Port 8080"}
{"level":"info"}
{"level":"info","message":"Server gestartet auf Port 8080"}
{"level":"info"}
{"level":"info","message":"Server gestartet auf Port 8080"}
{"level":"info"}
{"level":"info","message":"Server gestartet auf Port 8080"}
{"level":"info"}
{"level":"info","message":"Server gestartet auf Port 8080"}
{"level":"info"}
{"level":"info","message":"Server gestartet auf Port 8080"}
{"level":"info"}
{"level":"info","message":"Server gestartet auf Port 8080"}
{"level":"info"}
{"level":"info","message":"Server gestartet auf Port 8080"}
{"level":"info"}
{"level":"info","message":"Server gestartet auf Port 8080"}
{"level":"error"}
{"level":"error"}
{"level":"info"}
{"level":"info","message":"Server gestartet auf Port 8080"}
{"level":"error","message":"connectToDatabase is not defined"}
{"level":"info"}
{"level":"info","message":"Server gestartet auf Port 8080"}
